Запуск стека сообщений auto log — итерация 17.	[MsgId: MMSG-10545]
Начало действия Get.	[MsgId: MMSG-15919]
Get.c(4): web_rest("Get") запущен  	[MsgId: MMSG-26355]
Get.c(4): Ошибка -26627: Код статуса HTTP=404 (NOT FOUND) для "http://127.0.0.1:5050/rest/api/2/issue/"  	[MsgId: MERR-26627]
Завершение стека сообщений auto log.	[MsgId: MMSG-10544]


Запуск стека сообщений auto log — итерация 17.	[MsgId: MMSG-10545]
Начало действия Get.	[MsgId: MMSG-15919]
Get.c(4): web_rest("Get") запущен  	[MsgId: MMSG-26355]
Get.c(4): Ошибка -26627: Код статуса HTTP=404 (NOT FOUND) для "http://127.0.0.1:5050/rest/api/2/issue/"  	[MsgId: MERR-26627]
Завершение стека сообщений auto log.	[MsgId: MMSG-10544]


Запуск стека сообщений auto log — итерация 19.	[MsgId: MMSG-10545]
Начало действия Get.	[MsgId: MMSG-15919]
Get.c(4): web_rest("Get") запущен  	[MsgId: MMSG-26355]
Get.c(4): Ошибка -26627: Код статуса HTTP=404 (NOT FOUND) для "http://127.0.0.1:5050/rest/api/2/issue/"  	[MsgId: MERR-26627]
Завершение стека сообщений auto log.	[MsgId: MMSG-10544]


Запуск стека сообщений auto log — итерация 19.	[MsgId: MMSG-10545]
Начало действия Get.	[MsgId: MMSG-15919]
Get.c(4): web_rest("Get") запущен  	[MsgId: MMSG-26355]
Get.c(4): Ошибка -26627: Код статуса HTTP=404 (NOT FOUND) для "http://127.0.0.1:5050/rest/api/2/issue/"  	[MsgId: MERR-26627]
Завершение стека сообщений auto log.	[MsgId: MMSG-10544]


Запуск стека сообщений auto log — итерация 21.	[MsgId: MMSG-10545]
Начало действия Get.	[MsgId: MMSG-15919]
Get.c(4): web_rest("Get") запущен  	[MsgId: MMSG-26355]
Get.c(4): Ошибка -26627: Код статуса HTTP=404 (NOT FOUND) для "http://127.0.0.1:5050/rest/api/2/issue/"  	[MsgId: MERR-26627]
Завершение стека сообщений auto log.	[MsgId: MMSG-10544]


Запуск стека сообщений auto log — итерация 21.	[MsgId: MMSG-10545]
Начало действия Get.	[MsgId: MMSG-15919]
Get.c(4): web_rest("Get") запущен  	[MsgId: MMSG-26355]
Get.c(4): Ошибка -26627: Код статуса HTTP=404 (NOT FOUND) для "http://127.0.0.1:5050/rest/api/2/issue/"  	[MsgId: MERR-26627]
Завершение стека сообщений auto log.	[MsgId: MMSG-10544]


Запуск стека сообщений auto log — итерация 21.	[MsgId: MMSG-10545]
Начало действия Get.	[MsgId: MMSG-15919]
Get.c(4): web_rest("Get") запущен  	[MsgId: MMSG-26355]
Get.c(4): Ошибка -26627: Код статуса HTTP=404 (NOT FOUND) для "http://127.0.0.1:5050/rest/api/2/issue/"  	[MsgId: MERR-26627]
Завершение стека сообщений auto log.	[MsgId: MMSG-10544]


Запуск стека сообщений auto log — итерация 21.	[MsgId: MMSG-10545]
Начало действия Get.	[MsgId: MMSG-15919]
Get.c(4): web_rest("Get") запущен  	[MsgId: MMSG-26355]
Get.c(4): Ошибка -26627: Код статуса HTTP=404 (NOT FOUND) для "http://127.0.0.1:5050/rest/api/2/issue/"  	[MsgId: MERR-26627]
Завершение стека сообщений auto log.	[MsgId: MMSG-10544]


Запуск стека сообщений auto log — итерация 22.	[MsgId: MMSG-10545]
Начало действия Get.	[MsgId: MMSG-15919]
Get.c(4): web_rest("Get") запущен  	[MsgId: MMSG-26355]
Get.c(4): Ошибка -26627: Код статуса HTTP=404 (NOT FOUND) для "http://127.0.0.1:5050/rest/api/2/issue/"  	[MsgId: MERR-26627]
Завершение стека сообщений auto log.	[MsgId: MMSG-10544]


Запуск стека сообщений auto log — итерация 23.	[MsgId: MMSG-10545]
Начало действия Get.	[MsgId: MMSG-15919]
Get.c(4): web_rest("Get") запущен  	[MsgId: MMSG-26355]
Get.c(4): Ошибка -26627: Код статуса HTTP=404 (NOT FOUND) для "http://127.0.0.1:5050/rest/api/2/issue/"  	[MsgId: MERR-26627]
Завершение стека сообщений auto log.	[MsgId: MMSG-10544]


Запуск стека сообщений auto log — итерация 23.	[MsgId: MMSG-10545]
Начало действия Get.	[MsgId: MMSG-15919]
Get.c(4): web_rest("Get") запущен  	[MsgId: MMSG-26355]
Get.c(4): Ошибка -26627: Код статуса HTTP=404 (NOT FOUND) для "http://127.0.0.1:5050/rest/api/2/issue/"  	[MsgId: MERR-26627]
Завершение стека сообщений auto log.	[MsgId: MMSG-10544]


Запуск стека сообщений auto log — итерация 23.	[MsgId: MMSG-10545]
Начало действия Get.	[MsgId: MMSG-15919]
Get.c(4): web_rest("Get") запущен  	[MsgId: MMSG-26355]
Get.c(4): Ошибка -26627: Код статуса HTTP=404 (NOT FOUND) для "http://127.0.0.1:5050/rest/api/2/issue/"  	[MsgId: MERR-26627]
Завершение стека сообщений auto log.	[MsgId: MMSG-10544]


Запуск стека сообщений auto log — итерация 23.	[MsgId: MMSG-10545]
Начало действия Get.	[MsgId: MMSG-15919]
Get.c(4): web_rest("Get") запущен  	[MsgId: MMSG-26355]
Get.c(4): Ошибка -26627: Код статуса HTTP=404 (NOT FOUND) для "http://127.0.0.1:5050/rest/api/2/issue/"  	[MsgId: MERR-26627]
Завершение стека сообщений auto log.	[MsgId: MMSG-10544]


Запуск стека сообщений auto log — итерация 24.	[MsgId: MMSG-10545]
Начало действия Get.	[MsgId: MMSG-15919]
Get.c(4): web_rest("Get") запущен  	[MsgId: MMSG-26355]
Get.c(4): Ошибка -26627: Код статуса HTTP=404 (NOT FOUND) для "http://127.0.0.1:5050/rest/api/2/issue/"  	[MsgId: MERR-26627]
Завершение стека сообщений auto log.	[MsgId: MMSG-10544]


Запуск стека сообщений auto log — итерация 24.	[MsgId: MMSG-10545]
Начало действия Get.	[MsgId: MMSG-15919]
Get.c(4): web_rest("Get") запущен  	[MsgId: MMSG-26355]
Get.c(4): Ошибка -26627: Код статуса HTTP=404 (NOT FOUND) для "http://127.0.0.1:5050/rest/api/2/issue/"  	[MsgId: MERR-26627]
Завершение стека сообщений auto log.	[MsgId: MMSG-10544]


Запуск стека сообщений auto log — итерация 25.	[MsgId: MMSG-10545]
Начало действия Get.	[MsgId: MMSG-15919]
Get.c(4): web_rest("Get") запущен  	[MsgId: MMSG-26355]
Get.c(4): Ошибка -26627: Код статуса HTTP=404 (NOT FOUND) для "http://127.0.0.1:5050/rest/api/2/issue/"  	[MsgId: MERR-26627]
Завершение стека сообщений auto log.	[MsgId: MMSG-10544]


Запуск стека сообщений auto log — итерация 25.	[MsgId: MMSG-10545]
Начало действия Get.	[MsgId: MMSG-15919]
Get.c(4): web_rest("Get") запущен  	[MsgId: MMSG-26355]
Get.c(4): Ошибка -26627: Код статуса HTTP=404 (NOT FOUND) для "http://127.0.0.1:5050/rest/api/2/issue/"  	[MsgId: MERR-26627]
Завершение стека сообщений auto log.	[MsgId: MMSG-10544]


Запуск стека сообщений auto log — итерация 25.	[MsgId: MMSG-10545]
Начало действия Get.	[MsgId: MMSG-15919]
Get.c(4): web_rest("Get") запущен  	[MsgId: MMSG-26355]
Get.c(4): Ошибка -26627: Код статуса HTTP=404 (NOT FOUND) для "http://127.0.0.1:5050/rest/api/2/issue/"  	[MsgId: MERR-26627]
Завершение стека сообщений auto log.	[MsgId: MMSG-10544]


Запуск стека сообщений auto log — итерация 25.	[MsgId: MMSG-10545]
Начало действия Get.	[MsgId: MMSG-15919]
Get.c(4): web_rest("Get") запущен  	[MsgId: MMSG-26355]
Get.c(4): Ошибка -26627: Код статуса HTTP=404 (NOT FOUND) для "http://127.0.0.1:5050/rest/api/2/issue/"  	[MsgId: MERR-26627]
Завершение стека сообщений auto log.	[MsgId: MMSG-10544]


Запуск стека сообщений auto log — итерация 26.	[MsgId: MMSG-10545]
Начало действия Get.	[MsgId: MMSG-15919]
Get.c(4): web_rest("Get") запущен  	[MsgId: MMSG-26355]
Get.c(4): Ошибка -26627: Код статуса HTTP=404 (NOT FOUND) для "http://127.0.0.1:5050/rest/api/2/issue/"  	[MsgId: MERR-26627]
Завершение стека сообщений auto log.	[MsgId: MMSG-10544]


Запуск стека сообщений auto log — итерация 26.	[MsgId: MMSG-10545]
Начало действия Get.	[MsgId: MMSG-15919]
Get.c(4): web_rest("Get") запущен  	[MsgId: MMSG-26355]
Get.c(4): Ошибка -26627: Код статуса HTTP=404 (NOT FOUND) для "http://127.0.0.1:5050/rest/api/2/issue/"  	[MsgId: MERR-26627]
Завершение стека сообщений auto log.	[MsgId: MMSG-10544]


Запуск стека сообщений auto log — итерация 27.	[MsgId: MMSG-10545]
Начало действия Get.	[MsgId: MMSG-15919]
Get.c(4): web_rest("Get") запущен  	[MsgId: MMSG-26355]
Get.c(4): Ошибка -26627: Код статуса HTTP=404 (NOT FOUND) для "http://127.0.0.1:5050/rest/api/2/issue/"  	[MsgId: MERR-26627]
Завершение стека сообщений auto log.	[MsgId: MMSG-10544]


Запуск стека сообщений auto log — итерация 27.	[MsgId: MMSG-10545]
Начало действия Get.	[MsgId: MMSG-15919]
Get.c(4): web_rest("Get") запущен  	[MsgId: MMSG-26355]
Get.c(4): Ошибка -26627: Код статуса HTTP=404 (NOT FOUND) для "http://127.0.0.1:5050/rest/api/2/issue/"  	[MsgId: MERR-26627]
Завершение стека сообщений auto log.	[MsgId: MMSG-10544]


Запуск стека сообщений auto log — итерация 27.	[MsgId: MMSG-10545]
Начало действия Get.	[MsgId: MMSG-15919]
Get.c(4): web_rest("Get") запущен  	[MsgId: MMSG-26355]
Get.c(4): Ошибка -26627: Код статуса HTTP=404 (NOT FOUND) для "http://127.0.0.1:5050/rest/api/2/issue/"  	[MsgId: MERR-26627]
Завершение стека сообщений auto log.	[MsgId: MMSG-10544]


Запуск стека сообщений auto log — итерация 27.	[MsgId: MMSG-10545]
Начало действия Get.	[MsgId: MMSG-15919]
Get.c(4): web_rest("Get") запущен  	[MsgId: MMSG-26355]
Get.c(4): Ошибка -26627: Код статуса HTTP=404 (NOT FOUND) для "http://127.0.0.1:5050/rest/api/2/issue/"  	[MsgId: MERR-26627]
Завершение стека сообщений auto log.	[MsgId: MMSG-10544]


Запуск стека сообщений auto log — итерация 28.	[MsgId: MMSG-10545]
Начало действия Get.	[MsgId: MMSG-15919]
Get.c(4): web_rest("Get") запущен  	[MsgId: MMSG-26355]
Get.c(4): Ошибка -26627: Код статуса HTTP=404 (NOT FOUND) для "http://127.0.0.1:5050/rest/api/2/issue/"  	[MsgId: MERR-26627]
Завершение стека сообщений auto log.	[MsgId: MMSG-10544]


Запуск стека сообщений auto log — итерация 29.	[MsgId: MMSG-10545]
Начало действия Get.	[MsgId: MMSG-15919]
Get.c(4): web_rest("Get") запущен  	[MsgId: MMSG-26355]
Get.c(4): Ошибка -26627: Код статуса HTTP=404 (NOT FOUND) для "http://127.0.0.1:5050/rest/api/2/issue/"  	[MsgId: MERR-26627]
Завершение стека сообщений auto log.	[MsgId: MMSG-10544]


Запуск стека сообщений auto log — итерация 29.	[MsgId: MMSG-10545]
Начало действия Get.	[MsgId: MMSG-15919]
Get.c(4): web_rest("Get") запущен  	[MsgId: MMSG-26355]
Get.c(4): Ошибка -26627: Код статуса HTTP=404 (NOT FOUND) для "http://127.0.0.1:5050/rest/api/2/issue/"  	[MsgId: MERR-26627]
Завершение стека сообщений auto log.	[MsgId: MMSG-10544]


Запуск стека сообщений auto log — итерация 31.	[MsgId: MMSG-10545]
Начало действия Get.	[MsgId: MMSG-15919]
Get.c(4): web_rest("Get") запущен  	[MsgId: MMSG-26355]
Get.c(4): Ошибка -26627: Код статуса HTTP=404 (NOT FOUND) для "http://127.0.0.1:5050/rest/api/2/issue/"  	[MsgId: MERR-26627]
Завершение стека сообщений auto log.	[MsgId: MMSG-10544]


Запуск стека сообщений auto log — итерация 32.	[MsgId: MMSG-10545]
Начало действия Get.	[MsgId: MMSG-15919]
Get.c(4): web_rest("Get") запущен  	[MsgId: MMSG-26355]
Get.c(4): Ошибка -26627: Код статуса HTTP=404 (NOT FOUND) для "http://127.0.0.1:5050/rest/api/2/issue/"  	[MsgId: MERR-26627]
Завершение стека сообщений auto log.	[MsgId: MMSG-10544]


Запуск стека сообщений auto log — итерация 33.	[MsgId: MMSG-10545]
Начало действия Get.	[MsgId: MMSG-15919]
Get.c(4): web_rest("Get") запущен  	[MsgId: MMSG-26355]
Get.c(4): Ошибка -26627: Код статуса HTTP=404 (NOT FOUND) для "http://127.0.0.1:5050/rest/api/2/issue/"  	[MsgId: MERR-26627]
Завершение стека сообщений auto log.	[MsgId: MMSG-10544]


Запуск стека сообщений auto log — итерация 33.	[MsgId: MMSG-10545]
Начало действия Get.	[MsgId: MMSG-15919]
Get.c(4): web_rest("Get") запущен  	[MsgId: MMSG-26355]
Get.c(4): Ошибка -26627: Код статуса HTTP=404 (NOT FOUND) для "http://127.0.0.1:5050/rest/api/2/issue/"  	[MsgId: MERR-26627]
Завершение стека сообщений auto log.	[MsgId: MMSG-10544]


Запуск стека сообщений auto log — итерация 33.	[MsgId: MMSG-10545]
Начало действия Get.	[MsgId: MMSG-15919]
Get.c(4): web_rest("Get") запущен  	[MsgId: MMSG-26355]
Get.c(4): Ошибка -26627: Код статуса HTTP=404 (NOT FOUND) для "http://127.0.0.1:5050/rest/api/2/issue/"  	[MsgId: MERR-26627]
Завершение стека сообщений auto log.	[MsgId: MMSG-10544]


Запуск стека сообщений auto log — итерация 34.	[MsgId: MMSG-10545]
Начало действия Get.	[MsgId: MMSG-15919]
Get.c(4): web_rest("Get") запущен  	[MsgId: MMSG-26355]
Get.c(4): Ошибка -26627: Код статуса HTTP=404 (NOT FOUND) для "http://127.0.0.1:5050/rest/api/2/issue/"  	[MsgId: MERR-26627]
Завершение стека сообщений auto log.	[MsgId: MMSG-10544]


Запуск стека сообщений auto log — итерация 35.	[MsgId: MMSG-10545]
Начало действия Get.	[MsgId: MMSG-15919]
Get.c(4): web_rest("Get") запущен  	[MsgId: MMSG-26355]
Get.c(4): Ошибка -26627: Код статуса HTTP=404 (NOT FOUND) для "http://127.0.0.1:5050/rest/api/2/issue/"  	[MsgId: MERR-26627]
Завершение стека сообщений auto log.	[MsgId: MMSG-10544]


Запуск стека сообщений auto log — итерация 35.	[MsgId: MMSG-10545]
Начало действия Get.	[MsgId: MMSG-15919]
Get.c(4): web_rest("Get") запущен  	[MsgId: MMSG-26355]
Get.c(4): Ошибка -26627: Код статуса HTTP=404 (NOT FOUND) для "http://127.0.0.1:5050/rest/api/2/issue/"  	[MsgId: MERR-26627]
Завершение стека сообщений auto log.	[MsgId: MMSG-10544]


Запуск стека сообщений auto log — итерация 35.	[MsgId: MMSG-10545]
Начало действия Get.	[MsgId: MMSG-15919]
Get.c(4): web_rest("Get") запущен  	[MsgId: MMSG-26355]
Get.c(4): Ошибка -26627: Код статуса HTTP=404 (NOT FOUND) для "http://127.0.0.1:5050/rest/api/2/issue/"  	[MsgId: MERR-26627]
Завершение стека сообщений auto log.	[MsgId: MMSG-10544]


Запуск стека сообщений auto log — итерация 36.	[MsgId: MMSG-10545]
Начало действия Get.	[MsgId: MMSG-15919]
Get.c(4): web_rest("Get") запущен  	[MsgId: MMSG-26355]
Get.c(4): Ошибка -26627: Код статуса HTTP=404 (NOT FOUND) для "http://127.0.0.1:5050/rest/api/2/issue/"  	[MsgId: MERR-26627]
Завершение стека сообщений auto log.	[MsgId: MMSG-10544]


Запуск стека сообщений auto log — итерация 37.	[MsgId: MMSG-10545]
Начало действия Get.	[MsgId: MMSG-15919]
Get.c(4): web_rest("Get") запущен  	[MsgId: MMSG-26355]
Get.c(4): Ошибка -26627: Код статуса HTTP=404 (NOT FOUND) для "http://127.0.0.1:5050/rest/api/2/issue/"  	[MsgId: MERR-26627]
Завершение стека сообщений auto log.	[MsgId: MMSG-10544]


Запуск стека сообщений auto log — итерация 37.	[MsgId: MMSG-10545]
Начало действия Get.	[MsgId: MMSG-15919]
Get.c(4): web_rest("Get") запущен  	[MsgId: MMSG-26355]
Get.c(4): Ошибка -26627: Код статуса HTTP=404 (NOT FOUND) для "http://127.0.0.1:5050/rest/api/2/issue/"  	[MsgId: MERR-26627]
Завершение стека сообщений auto log.	[MsgId: MMSG-10544]


Запуск стека сообщений auto log — итерация 37.	[MsgId: MMSG-10545]
Начало действия Get.	[MsgId: MMSG-15919]
Get.c(4): web_rest("Get") запущен  	[MsgId: MMSG-26355]
Get.c(4): Ошибка -26627: Код статуса HTTP=404 (NOT FOUND) для "http://127.0.0.1:5050/rest/api/2/issue/"  	[MsgId: MERR-26627]
Завершение стека сообщений auto log.	[MsgId: MMSG-10544]


Запуск стека сообщений auto log — итерация 37.	[MsgId: MMSG-10545]
Начало действия Get.	[MsgId: MMSG-15919]
Get.c(4): web_rest("Get") запущен  	[MsgId: MMSG-26355]
Get.c(4): Ошибка -26627: Код статуса HTTP=404 (NOT FOUND) для "http://127.0.0.1:5050/rest/api/2/issue/"  	[MsgId: MERR-26627]
Завершение стека сообщений auto log.	[MsgId: MMSG-10544]


