Запуск стека сообщений auto log — итерация 14.	[MsgId: MMSG-10545]
Начало действия Upgrade.	[MsgId: MMSG-15919]
Upgrade.c(4): web_rest("Upgrade") запущен  	[MsgId: MMSG-26355]
Upgrade.c(4): Уведомить: ****************   web_add_header вызывается внутри из web_rest. Следующие сообщения из web_add_header   *****************
Upgrade.c(4): web_add_header("Content-Type") запущен  	[MsgId: MMSG-26355]
Upgrade.c(4): Предупреждение -26594: Добавленный заголовок может привести к непредсказуемым результатам при применении ко ВСЕМ URL-адресам, сгенерированным от имени следующей функции скрипта. Заголовок будет применим только к основному URL-адресу.  	[MsgId: MWAR-26594]
Upgrade.c(4): Наивысший уровень серьезности web_add_header("Content-Type") — "warning"  	[MsgId: MMSG-26391]
Upgrade.c(4): Уведомить: ****************   Конец сообщений из web_add_header   *****************
Upgrade.c(4): Ошибка -26612: Код статуса HTTP=500 (INTERNAL SERVER ERROR) для "http://127.0.0.1:5050/rest/api/2/issue/"  	[MsgId: MERR-26612]
Завершение стека сообщений auto log.	[MsgId: MMSG-10544]


Запуск стека сообщений auto log — итерация 14.	[MsgId: MMSG-10545]
Начало действия Upgrade.	[MsgId: MMSG-15919]
Upgrade.c(4): web_rest("Upgrade") запущен  	[MsgId: MMSG-26355]
Upgrade.c(4): Уведомить: ****************   web_add_header вызывается внутри из web_rest. Следующие сообщения из web_add_header   *****************
Upgrade.c(4): web_add_header("Content-Type") запущен  	[MsgId: MMSG-26355]
Upgrade.c(4): Предупреждение -26594: Добавленный заголовок может привести к непредсказуемым результатам при применении ко ВСЕМ URL-адресам, сгенерированным от имени следующей функции скрипта. Заголовок будет применим только к основному URL-адресу.  	[MsgId: MWAR-26594]
Upgrade.c(4): Наивысший уровень серьезности web_add_header("Content-Type") — "warning"  	[MsgId: MMSG-26391]
Upgrade.c(4): Уведомить: ****************   Конец сообщений из web_add_header   *****************
Upgrade.c(4): Ошибка -26612: Код статуса HTTP=500 (INTERNAL SERVER ERROR) для "http://127.0.0.1:5050/rest/api/2/issue/"  	[MsgId: MERR-26612]
Завершение стека сообщений auto log.	[MsgId: MMSG-10544]


Запуск стека сообщений auto log — итерация 17.	[MsgId: MMSG-10545]
Начало действия Upgrade.	[MsgId: MMSG-15919]
Upgrade.c(4): web_rest("Upgrade") запущен  	[MsgId: MMSG-26355]
Upgrade.c(4): Уведомить: ****************   web_add_header вызывается внутри из web_rest. Следующие сообщения из web_add_header   *****************
Upgrade.c(4): web_add_header("Content-Type") запущен  	[MsgId: MMSG-26355]
Upgrade.c(4): Предупреждение -26594: Добавленный заголовок может привести к непредсказуемым результатам при применении ко ВСЕМ URL-адресам, сгенерированным от имени следующей функции скрипта. Заголовок будет применим только к основному URL-адресу.  	[MsgId: MWAR-26594]
Upgrade.c(4): Наивысший уровень серьезности web_add_header("Content-Type") — "warning"  	[MsgId: MMSG-26391]
Upgrade.c(4): Уведомить: ****************   Конец сообщений из web_add_header   *****************
Upgrade.c(4): Ошибка -26612: Код статуса HTTP=500 (INTERNAL SERVER ERROR) для "http://127.0.0.1:5050/rest/api/2/issue/"  	[MsgId: MERR-26612]
Завершение стека сообщений auto log.	[MsgId: MMSG-10544]


Запуск стека сообщений auto log — итерация 17.	[MsgId: MMSG-10545]
Начало действия Upgrade.	[MsgId: MMSG-15919]
Upgrade.c(4): web_rest("Upgrade") запущен  	[MsgId: MMSG-26355]
Upgrade.c(4): Уведомить: ****************   web_add_header вызывается внутри из web_rest. Следующие сообщения из web_add_header   *****************
Upgrade.c(4): web_add_header("Content-Type") запущен  	[MsgId: MMSG-26355]
Upgrade.c(4): Предупреждение -26594: Добавленный заголовок может привести к непредсказуемым результатам при применении ко ВСЕМ URL-адресам, сгенерированным от имени следующей функции скрипта. Заголовок будет применим только к основному URL-адресу.  	[MsgId: MWAR-26594]
Upgrade.c(4): Наивысший уровень серьезности web_add_header("Content-Type") — "warning"  	[MsgId: MMSG-26391]
Upgrade.c(4): Уведомить: ****************   Конец сообщений из web_add_header   *****************
Upgrade.c(4): Ошибка -26612: Код статуса HTTP=500 (INTERNAL SERVER ERROR) для "http://127.0.0.1:5050/rest/api/2/issue/"  	[MsgId: MERR-26612]
Завершение стека сообщений auto log.	[MsgId: MMSG-10544]


Запуск стека сообщений auto log — итерация 17.	[MsgId: MMSG-10545]
Начало действия Upgrade.	[MsgId: MMSG-15919]
Upgrade.c(4): web_rest("Upgrade") запущен  	[MsgId: MMSG-26355]
Upgrade.c(4): Уведомить: ****************   web_add_header вызывается внутри из web_rest. Следующие сообщения из web_add_header   *****************
Upgrade.c(4): web_add_header("Content-Type") запущен  	[MsgId: MMSG-26355]
Upgrade.c(4): Предупреждение -26594: Добавленный заголовок может привести к непредсказуемым результатам при применении ко ВСЕМ URL-адресам, сгенерированным от имени следующей функции скрипта. Заголовок будет применим только к основному URL-адресу.  	[MsgId: MWAR-26594]
Upgrade.c(4): Наивысший уровень серьезности web_add_header("Content-Type") — "warning"  	[MsgId: MMSG-26391]
Upgrade.c(4): Уведомить: ****************   Конец сообщений из web_add_header   *****************
Upgrade.c(4): Ошибка -26612: Код статуса HTTP=500 (INTERNAL SERVER ERROR) для "http://127.0.0.1:5050/rest/api/2/issue/"  	[MsgId: MERR-26612]
Завершение стека сообщений auto log.	[MsgId: MMSG-10544]


Запуск стека сообщений auto log — итерация 17.	[MsgId: MMSG-10545]
Начало действия Upgrade.	[MsgId: MMSG-15919]
Upgrade.c(4): web_rest("Upgrade") запущен  	[MsgId: MMSG-26355]
Upgrade.c(4): Уведомить: ****************   web_add_header вызывается внутри из web_rest. Следующие сообщения из web_add_header   *****************
Upgrade.c(4): web_add_header("Content-Type") запущен  	[MsgId: MMSG-26355]
Upgrade.c(4): Предупреждение -26594: Добавленный заголовок может привести к непредсказуемым результатам при применении ко ВСЕМ URL-адресам, сгенерированным от имени следующей функции скрипта. Заголовок будет применим только к основному URL-адресу.  	[MsgId: MWAR-26594]
Upgrade.c(4): Наивысший уровень серьезности web_add_header("Content-Type") — "warning"  	[MsgId: MMSG-26391]
Upgrade.c(4): Уведомить: ****************   Конец сообщений из web_add_header   *****************
Upgrade.c(4): Ошибка -26612: Код статуса HTTP=500 (INTERNAL SERVER ERROR) для "http://127.0.0.1:5050/rest/api/2/issue/"  	[MsgId: MERR-26612]
Завершение стека сообщений auto log.	[MsgId: MMSG-10544]


Запуск стека сообщений auto log — итерация 18.	[MsgId: MMSG-10545]
Начало действия Upgrade.	[MsgId: MMSG-15919]
Upgrade.c(4): web_rest("Upgrade") запущен  	[MsgId: MMSG-26355]
Upgrade.c(4): Уведомить: ****************   web_add_header вызывается внутри из web_rest. Следующие сообщения из web_add_header   *****************
Upgrade.c(4): web_add_header("Content-Type") запущен  	[MsgId: MMSG-26355]
Upgrade.c(4): Предупреждение -26594: Добавленный заголовок может привести к непредсказуемым результатам при применении ко ВСЕМ URL-адресам, сгенерированным от имени следующей функции скрипта. Заголовок будет применим только к основному URL-адресу.  	[MsgId: MWAR-26594]
Upgrade.c(4): Наивысший уровень серьезности web_add_header("Content-Type") — "warning"  	[MsgId: MMSG-26391]
Upgrade.c(4): Уведомить: ****************   Конец сообщений из web_add_header   *****************
Upgrade.c(4): Ошибка -26612: Код статуса HTTP=500 (INTERNAL SERVER ERROR) для "http://127.0.0.1:5050/rest/api/2/issue/"  	[MsgId: MERR-26612]
Завершение стека сообщений auto log.	[MsgId: MMSG-10544]


Запуск стека сообщений auto log — итерация 19.	[MsgId: MMSG-10545]
Начало действия Upgrade.	[MsgId: MMSG-15919]
Upgrade.c(4): web_rest("Upgrade") запущен  	[MsgId: MMSG-26355]
Upgrade.c(4): Уведомить: ****************   web_add_header вызывается внутри из web_rest. Следующие сообщения из web_add_header   *****************
Upgrade.c(4): web_add_header("Content-Type") запущен  	[MsgId: MMSG-26355]
Upgrade.c(4): Предупреждение -26594: Добавленный заголовок может привести к непредсказуемым результатам при применении ко ВСЕМ URL-адресам, сгенерированным от имени следующей функции скрипта. Заголовок будет применим только к основному URL-адресу.  	[MsgId: MWAR-26594]
Upgrade.c(4): Наивысший уровень серьезности web_add_header("Content-Type") — "warning"  	[MsgId: MMSG-26391]
Upgrade.c(4): Уведомить: ****************   Конец сообщений из web_add_header   *****************
Upgrade.c(4): Ошибка -26612: Код статуса HTTP=500 (INTERNAL SERVER ERROR) для "http://127.0.0.1:5050/rest/api/2/issue/"  	[MsgId: MERR-26612]
Завершение стека сообщений auto log.	[MsgId: MMSG-10544]


Запуск стека сообщений auto log — итерация 19.	[MsgId: MMSG-10545]
Начало действия Upgrade.	[MsgId: MMSG-15919]
Upgrade.c(4): web_rest("Upgrade") запущен  	[MsgId: MMSG-26355]
Upgrade.c(4): Уведомить: ****************   web_add_header вызывается внутри из web_rest. Следующие сообщения из web_add_header   *****************
Upgrade.c(4): web_add_header("Content-Type") запущен  	[MsgId: MMSG-26355]
Upgrade.c(4): Предупреждение -26594: Добавленный заголовок может привести к непредсказуемым результатам при применении ко ВСЕМ URL-адресам, сгенерированным от имени следующей функции скрипта. Заголовок будет применим только к основному URL-адресу.  	[MsgId: MWAR-26594]
Upgrade.c(4): Наивысший уровень серьезности web_add_header("Content-Type") — "warning"  	[MsgId: MMSG-26391]
Upgrade.c(4): Уведомить: ****************   Конец сообщений из web_add_header   *****************
Upgrade.c(4): Ошибка -26612: Код статуса HTTP=500 (INTERNAL SERVER ERROR) для "http://127.0.0.1:5050/rest/api/2/issue/"  	[MsgId: MERR-26612]
Завершение стека сообщений auto log.	[MsgId: MMSG-10544]


Запуск стека сообщений auto log — итерация 20.	[MsgId: MMSG-10545]
Начало действия Upgrade.	[MsgId: MMSG-15919]
Upgrade.c(4): web_rest("Upgrade") запущен  	[MsgId: MMSG-26355]
Upgrade.c(4): Уведомить: ****************   web_add_header вызывается внутри из web_rest. Следующие сообщения из web_add_header   *****************
Upgrade.c(4): web_add_header("Content-Type") запущен  	[MsgId: MMSG-26355]
Upgrade.c(4): Предупреждение -26594: Добавленный заголовок может привести к непредсказуемым результатам при применении ко ВСЕМ URL-адресам, сгенерированным от имени следующей функции скрипта. Заголовок будет применим только к основному URL-адресу.  	[MsgId: MWAR-26594]
Upgrade.c(4): Наивысший уровень серьезности web_add_header("Content-Type") — "warning"  	[MsgId: MMSG-26391]
Upgrade.c(4): Уведомить: ****************   Конец сообщений из web_add_header   *****************
Upgrade.c(4): Ошибка -26612: Код статуса HTTP=500 (INTERNAL SERVER ERROR) для "http://127.0.0.1:5050/rest/api/2/issue/"  	[MsgId: MERR-26612]
Завершение стека сообщений auto log.	[MsgId: MMSG-10544]


Запуск стека сообщений auto log — итерация 20.	[MsgId: MMSG-10545]
Начало действия Upgrade.	[MsgId: MMSG-15919]
Upgrade.c(4): web_rest("Upgrade") запущен  	[MsgId: MMSG-26355]
Upgrade.c(4): Уведомить: ****************   web_add_header вызывается внутри из web_rest. Следующие сообщения из web_add_header   *****************
Upgrade.c(4): web_add_header("Content-Type") запущен  	[MsgId: MMSG-26355]
Upgrade.c(4): Предупреждение -26594: Добавленный заголовок может привести к непредсказуемым результатам при применении ко ВСЕМ URL-адресам, сгенерированным от имени следующей функции скрипта. Заголовок будет применим только к основному URL-адресу.  	[MsgId: MWAR-26594]
Upgrade.c(4): Наивысший уровень серьезности web_add_header("Content-Type") — "warning"  	[MsgId: MMSG-26391]
Upgrade.c(4): Уведомить: ****************   Конец сообщений из web_add_header   *****************
Upgrade.c(4): Ошибка -26612: Код статуса HTTP=500 (INTERNAL SERVER ERROR) для "http://127.0.0.1:5050/rest/api/2/issue/"  	[MsgId: MERR-26612]
Завершение стека сообщений auto log.	[MsgId: MMSG-10544]


Запуск стека сообщений auto log — итерация 20.	[MsgId: MMSG-10545]
Начало действия Upgrade.	[MsgId: MMSG-15919]
Upgrade.c(4): web_rest("Upgrade") запущен  	[MsgId: MMSG-26355]
Upgrade.c(4): Уведомить: ****************   web_add_header вызывается внутри из web_rest. Следующие сообщения из web_add_header   *****************
Upgrade.c(4): web_add_header("Content-Type") запущен  	[MsgId: MMSG-26355]
Upgrade.c(4): Предупреждение -26594: Добавленный заголовок может привести к непредсказуемым результатам при применении ко ВСЕМ URL-адресам, сгенерированным от имени следующей функции скрипта. Заголовок будет применим только к основному URL-адресу.  	[MsgId: MWAR-26594]
Upgrade.c(4): Наивысший уровень серьезности web_add_header("Content-Type") — "warning"  	[MsgId: MMSG-26391]
Upgrade.c(4): Уведомить: ****************   Конец сообщений из web_add_header   *****************
Upgrade.c(4): Ошибка -26612: Код статуса HTTP=500 (INTERNAL SERVER ERROR) для "http://127.0.0.1:5050/rest/api/2/issue/"  	[MsgId: MERR-26612]
Завершение стека сообщений auto log.	[MsgId: MMSG-10544]


Запуск стека сообщений auto log — итерация 20.	[MsgId: MMSG-10545]
Начало действия Upgrade.	[MsgId: MMSG-15919]
Upgrade.c(4): web_rest("Upgrade") запущен  	[MsgId: MMSG-26355]
Upgrade.c(4): Уведомить: ****************   web_add_header вызывается внутри из web_rest. Следующие сообщения из web_add_header   *****************
Upgrade.c(4): web_add_header("Content-Type") запущен  	[MsgId: MMSG-26355]
Upgrade.c(4): Предупреждение -26594: Добавленный заголовок может привести к непредсказуемым результатам при применении ко ВСЕМ URL-адресам, сгенерированным от имени следующей функции скрипта. Заголовок будет применим только к основному URL-адресу.  	[MsgId: MWAR-26594]
Upgrade.c(4): Наивысший уровень серьезности web_add_header("Content-Type") — "warning"  	[MsgId: MMSG-26391]
Upgrade.c(4): Уведомить: ****************   Конец сообщений из web_add_header   *****************
Upgrade.c(4): Ошибка -26612: Код статуса HTTP=500 (INTERNAL SERVER ERROR) для "http://127.0.0.1:5050/rest/api/2/issue/"  	[MsgId: MERR-26612]
Завершение стека сообщений auto log.	[MsgId: MMSG-10544]


Запуск стека сообщений auto log — итерация 21.	[MsgId: MMSG-10545]
Начало действия Upgrade.	[MsgId: MMSG-15919]
Upgrade.c(4): web_rest("Upgrade") запущен  	[MsgId: MMSG-26355]
Upgrade.c(4): Уведомить: ****************   web_add_header вызывается внутри из web_rest. Следующие сообщения из web_add_header   *****************
Upgrade.c(4): web_add_header("Content-Type") запущен  	[MsgId: MMSG-26355]
Upgrade.c(4): Предупреждение -26594: Добавленный заголовок может привести к непредсказуемым результатам при применении ко ВСЕМ URL-адресам, сгенерированным от имени следующей функции скрипта. Заголовок будет применим только к основному URL-адресу.  	[MsgId: MWAR-26594]
Upgrade.c(4): Наивысший уровень серьезности web_add_header("Content-Type") — "warning"  	[MsgId: MMSG-26391]
Upgrade.c(4): Уведомить: ****************   Конец сообщений из web_add_header   *****************
Upgrade.c(4): Ошибка -26612: Код статуса HTTP=500 (INTERNAL SERVER ERROR) для "http://127.0.0.1:5050/rest/api/2/issue/"  	[MsgId: MERR-26612]
Завершение стека сообщений auto log.	[MsgId: MMSG-10544]


Запуск стека сообщений auto log — итерация 22.	[MsgId: MMSG-10545]
Начало действия Upgrade.	[MsgId: MMSG-15919]
Upgrade.c(4): web_rest("Upgrade") запущен  	[MsgId: MMSG-26355]
Upgrade.c(4): Уведомить: ****************   web_add_header вызывается внутри из web_rest. Следующие сообщения из web_add_header   *****************
Upgrade.c(4): web_add_header("Content-Type") запущен  	[MsgId: MMSG-26355]
Upgrade.c(4): Предупреждение -26594: Добавленный заголовок может привести к непредсказуемым результатам при применении ко ВСЕМ URL-адресам, сгенерированным от имени следующей функции скрипта. Заголовок будет применим только к основному URL-адресу.  	[MsgId: MWAR-26594]
Upgrade.c(4): Наивысший уровень серьезности web_add_header("Content-Type") — "warning"  	[MsgId: MMSG-26391]
Upgrade.c(4): Уведомить: ****************   Конец сообщений из web_add_header   *****************
Upgrade.c(4): Ошибка -26612: Код статуса HTTP=500 (INTERNAL SERVER ERROR) для "http://127.0.0.1:5050/rest/api/2/issue/"  	[MsgId: MERR-26612]
Завершение стека сообщений auto log.	[MsgId: MMSG-10544]


Запуск стека сообщений auto log — итерация 22.	[MsgId: MMSG-10545]
Начало действия Upgrade.	[MsgId: MMSG-15919]
Upgrade.c(4): web_rest("Upgrade") запущен  	[MsgId: MMSG-26355]
Upgrade.c(4): Уведомить: ****************   web_add_header вызывается внутри из web_rest. Следующие сообщения из web_add_header   *****************
Upgrade.c(4): web_add_header("Content-Type") запущен  	[MsgId: MMSG-26355]
Upgrade.c(4): Предупреждение -26594: Добавленный заголовок может привести к непредсказуемым результатам при применении ко ВСЕМ URL-адресам, сгенерированным от имени следующей функции скрипта. Заголовок будет применим только к основному URL-адресу.  	[MsgId: MWAR-26594]
Upgrade.c(4): Наивысший уровень серьезности web_add_header("Content-Type") — "warning"  	[MsgId: MMSG-26391]
Upgrade.c(4): Уведомить: ****************   Конец сообщений из web_add_header   *****************
Upgrade.c(4): Ошибка -26612: Код статуса HTTP=500 (INTERNAL SERVER ERROR) для "http://127.0.0.1:5050/rest/api/2/issue/"  	[MsgId: MERR-26612]
Завершение стека сообщений auto log.	[MsgId: MMSG-10544]


Запуск стека сообщений auto log — итерация 22.	[MsgId: MMSG-10545]
Начало действия Upgrade.	[MsgId: MMSG-15919]
Upgrade.c(4): web_rest("Upgrade") запущен  	[MsgId: MMSG-26355]
Upgrade.c(4): Уведомить: ****************   web_add_header вызывается внутри из web_rest. Следующие сообщения из web_add_header   *****************
Upgrade.c(4): web_add_header("Content-Type") запущен  	[MsgId: MMSG-26355]
Upgrade.c(4): Предупреждение -26594: Добавленный заголовок может привести к непредсказуемым результатам при применении ко ВСЕМ URL-адресам, сгенерированным от имени следующей функции скрипта. Заголовок будет применим только к основному URL-адресу.  	[MsgId: MWAR-26594]
Upgrade.c(4): Наивысший уровень серьезности web_add_header("Content-Type") — "warning"  	[MsgId: MMSG-26391]
Upgrade.c(4): Уведомить: ****************   Конец сообщений из web_add_header   *****************
Upgrade.c(4): Ошибка -26612: Код статуса HTTP=500 (INTERNAL SERVER ERROR) для "http://127.0.0.1:5050/rest/api/2/issue/"  	[MsgId: MERR-26612]
Завершение стека сообщений auto log.	[MsgId: MMSG-10544]


Запуск стека сообщений auto log — итерация 22.	[MsgId: MMSG-10545]
Начало действия Upgrade.	[MsgId: MMSG-15919]
Upgrade.c(4): web_rest("Upgrade") запущен  	[MsgId: MMSG-26355]
Upgrade.c(4): Уведомить: ****************   web_add_header вызывается внутри из web_rest. Следующие сообщения из web_add_header   *****************
Upgrade.c(4): web_add_header("Content-Type") запущен  	[MsgId: MMSG-26355]
Upgrade.c(4): Предупреждение -26594: Добавленный заголовок может привести к непредсказуемым результатам при применении ко ВСЕМ URL-адресам, сгенерированным от имени следующей функции скрипта. Заголовок будет применим только к основному URL-адресу.  	[MsgId: MWAR-26594]
Upgrade.c(4): Наивысший уровень серьезности web_add_header("Content-Type") — "warning"  	[MsgId: MMSG-26391]
Upgrade.c(4): Уведомить: ****************   Конец сообщений из web_add_header   *****************
Upgrade.c(4): Ошибка -26612: Код статуса HTTP=500 (INTERNAL SERVER ERROR) для "http://127.0.0.1:5050/rest/api/2/issue/"  	[MsgId: MERR-26612]
Завершение стека сообщений auto log.	[MsgId: MMSG-10544]


Запуск стека сообщений auto log — итерация 24.	[MsgId: MMSG-10545]
Начало действия Upgrade.	[MsgId: MMSG-15919]
Upgrade.c(4): web_rest("Upgrade") запущен  	[MsgId: MMSG-26355]
Upgrade.c(4): Уведомить: ****************   web_add_header вызывается внутри из web_rest. Следующие сообщения из web_add_header   *****************
Upgrade.c(4): web_add_header("Content-Type") запущен  	[MsgId: MMSG-26355]
Upgrade.c(4): Предупреждение -26594: Добавленный заголовок может привести к непредсказуемым результатам при применении ко ВСЕМ URL-адресам, сгенерированным от имени следующей функции скрипта. Заголовок будет применим только к основному URL-адресу.  	[MsgId: MWAR-26594]
Upgrade.c(4): Наивысший уровень серьезности web_add_header("Content-Type") — "warning"  	[MsgId: MMSG-26391]
Upgrade.c(4): Уведомить: ****************   Конец сообщений из web_add_header   *****************
Upgrade.c(4): Ошибка -26612: Код статуса HTTP=500 (INTERNAL SERVER ERROR) для "http://127.0.0.1:5050/rest/api/2/issue/"  	[MsgId: MERR-26612]
Завершение стека сообщений auto log.	[MsgId: MMSG-10544]


Запуск стека сообщений auto log — итерация 24.	[MsgId: MMSG-10545]
Начало действия Upgrade.	[MsgId: MMSG-15919]
Upgrade.c(4): web_rest("Upgrade") запущен  	[MsgId: MMSG-26355]
Upgrade.c(4): Уведомить: ****************   web_add_header вызывается внутри из web_rest. Следующие сообщения из web_add_header   *****************
Upgrade.c(4): web_add_header("Content-Type") запущен  	[MsgId: MMSG-26355]
Upgrade.c(4): Предупреждение -26594: Добавленный заголовок может привести к непредсказуемым результатам при применении ко ВСЕМ URL-адресам, сгенерированным от имени следующей функции скрипта. Заголовок будет применим только к основному URL-адресу.  	[MsgId: MWAR-26594]
Upgrade.c(4): Наивысший уровень серьезности web_add_header("Content-Type") — "warning"  	[MsgId: MMSG-26391]
Upgrade.c(4): Уведомить: ****************   Конец сообщений из web_add_header   *****************
Upgrade.c(4): Ошибка -26612: Код статуса HTTP=500 (INTERNAL SERVER ERROR) для "http://127.0.0.1:5050/rest/api/2/issue/"  	[MsgId: MERR-26612]
Завершение стека сообщений auto log.	[MsgId: MMSG-10544]


Запуск стека сообщений auto log — итерация 25.	[MsgId: MMSG-10545]
Начало действия Upgrade.	[MsgId: MMSG-15919]
Upgrade.c(4): web_rest("Upgrade") запущен  	[MsgId: MMSG-26355]
Upgrade.c(4): Уведомить: ****************   web_add_header вызывается внутри из web_rest. Следующие сообщения из web_add_header   *****************
Upgrade.c(4): web_add_header("Content-Type") запущен  	[MsgId: MMSG-26355]
Upgrade.c(4): Предупреждение -26594: Добавленный заголовок может привести к непредсказуемым результатам при применении ко ВСЕМ URL-адресам, сгенерированным от имени следующей функции скрипта. Заголовок будет применим только к основному URL-адресу.  	[MsgId: MWAR-26594]
Upgrade.c(4): Наивысший уровень серьезности web_add_header("Content-Type") — "warning"  	[MsgId: MMSG-26391]
Upgrade.c(4): Уведомить: ****************   Конец сообщений из web_add_header   *****************
Upgrade.c(4): Ошибка -26612: Код статуса HTTP=500 (INTERNAL SERVER ERROR) для "http://127.0.0.1:5050/rest/api/2/issue/"  	[MsgId: MERR-26612]
Завершение стека сообщений auto log.	[MsgId: MMSG-10544]


Запуск стека сообщений auto log — итерация 27.	[MsgId: MMSG-10545]
Начало действия Upgrade.	[MsgId: MMSG-15919]
Upgrade.c(4): web_rest("Upgrade") запущен  	[MsgId: MMSG-26355]
Upgrade.c(4): Уведомить: ****************   web_add_header вызывается внутри из web_rest. Следующие сообщения из web_add_header   *****************
Upgrade.c(4): web_add_header("Content-Type") запущен  	[MsgId: MMSG-26355]
Upgrade.c(4): Предупреждение -26594: Добавленный заголовок может привести к непредсказуемым результатам при применении ко ВСЕМ URL-адресам, сгенерированным от имени следующей функции скрипта. Заголовок будет применим только к основному URL-адресу.  	[MsgId: MWAR-26594]
Upgrade.c(4): Наивысший уровень серьезности web_add_header("Content-Type") — "warning"  	[MsgId: MMSG-26391]
Upgrade.c(4): Уведомить: ****************   Конец сообщений из web_add_header   *****************
Upgrade.c(4): Ошибка -26612: Код статуса HTTP=500 (INTERNAL SERVER ERROR) для "http://127.0.0.1:5050/rest/api/2/issue/"  	[MsgId: MERR-26612]
Завершение стека сообщений auto log.	[MsgId: MMSG-10544]


Запуск стека сообщений auto log — итерация 27.	[MsgId: MMSG-10545]
Начало действия Upgrade.	[MsgId: MMSG-15919]
Upgrade.c(4): web_rest("Upgrade") запущен  	[MsgId: MMSG-26355]
Upgrade.c(4): Уведомить: ****************   web_add_header вызывается внутри из web_rest. Следующие сообщения из web_add_header   *****************
Upgrade.c(4): web_add_header("Content-Type") запущен  	[MsgId: MMSG-26355]
Upgrade.c(4): Предупреждение -26594: Добавленный заголовок может привести к непредсказуемым результатам при применении ко ВСЕМ URL-адресам, сгенерированным от имени следующей функции скрипта. Заголовок будет применим только к основному URL-адресу.  	[MsgId: MWAR-26594]
Upgrade.c(4): Наивысший уровень серьезности web_add_header("Content-Type") — "warning"  	[MsgId: MMSG-26391]
Upgrade.c(4): Уведомить: ****************   Конец сообщений из web_add_header   *****************
Upgrade.c(4): Ошибка -26612: Код статуса HTTP=500 (INTERNAL SERVER ERROR) для "http://127.0.0.1:5050/rest/api/2/issue/"  	[MsgId: MERR-26612]
Завершение стека сообщений auto log.	[MsgId: MMSG-10544]


Запуск стека сообщений auto log — итерация 27.	[MsgId: MMSG-10545]
Начало действия Upgrade.	[MsgId: MMSG-15919]
Upgrade.c(4): web_rest("Upgrade") запущен  	[MsgId: MMSG-26355]
Upgrade.c(4): Уведомить: ****************   web_add_header вызывается внутри из web_rest. Следующие сообщения из web_add_header   *****************
Upgrade.c(4): web_add_header("Content-Type") запущен  	[MsgId: MMSG-26355]
Upgrade.c(4): Предупреждение -26594: Добавленный заголовок может привести к непредсказуемым результатам при применении ко ВСЕМ URL-адресам, сгенерированным от имени следующей функции скрипта. Заголовок будет применим только к основному URL-адресу.  	[MsgId: MWAR-26594]
Upgrade.c(4): Наивысший уровень серьезности web_add_header("Content-Type") — "warning"  	[MsgId: MMSG-26391]
Upgrade.c(4): Уведомить: ****************   Конец сообщений из web_add_header   *****************
Upgrade.c(4): Ошибка -26612: Код статуса HTTP=500 (INTERNAL SERVER ERROR) для "http://127.0.0.1:5050/rest/api/2/issue/"  	[MsgId: MERR-26612]
Завершение стека сообщений auto log.	[MsgId: MMSG-10544]


Запуск стека сообщений auto log — итерация 28.	[MsgId: MMSG-10545]
Начало действия Upgrade.	[MsgId: MMSG-15919]
Upgrade.c(4): web_rest("Upgrade") запущен  	[MsgId: MMSG-26355]
Upgrade.c(4): Уведомить: ****************   web_add_header вызывается внутри из web_rest. Следующие сообщения из web_add_header   *****************
Upgrade.c(4): web_add_header("Content-Type") запущен  	[MsgId: MMSG-26355]
Upgrade.c(4): Предупреждение -26594: Добавленный заголовок может привести к непредсказуемым результатам при применении ко ВСЕМ URL-адресам, сгенерированным от имени следующей функции скрипта. Заголовок будет применим только к основному URL-адресу.  	[MsgId: MWAR-26594]
Upgrade.c(4): Наивысший уровень серьезности web_add_header("Content-Type") — "warning"  	[MsgId: MMSG-26391]
Upgrade.c(4): Уведомить: ****************   Конец сообщений из web_add_header   *****************
Upgrade.c(4): Ошибка -26612: Код статуса HTTP=500 (INTERNAL SERVER ERROR) для "http://127.0.0.1:5050/rest/api/2/issue/"  	[MsgId: MERR-26612]
Завершение стека сообщений auto log.	[MsgId: MMSG-10544]


Запуск стека сообщений auto log — итерация 28.	[MsgId: MMSG-10545]
Начало действия Upgrade.	[MsgId: MMSG-15919]
Upgrade.c(4): web_rest("Upgrade") запущен  	[MsgId: MMSG-26355]
Upgrade.c(4): Уведомить: ****************   web_add_header вызывается внутри из web_rest. Следующие сообщения из web_add_header   *****************
Upgrade.c(4): web_add_header("Content-Type") запущен  	[MsgId: MMSG-26355]
Upgrade.c(4): Предупреждение -26594: Добавленный заголовок может привести к непредсказуемым результатам при применении ко ВСЕМ URL-адресам, сгенерированным от имени следующей функции скрипта. Заголовок будет применим только к основному URL-адресу.  	[MsgId: MWAR-26594]
Upgrade.c(4): Наивысший уровень серьезности web_add_header("Content-Type") — "warning"  	[MsgId: MMSG-26391]
Upgrade.c(4): Уведомить: ****************   Конец сообщений из web_add_header   *****************
Upgrade.c(4): Ошибка -26612: Код статуса HTTP=500 (INTERNAL SERVER ERROR) для "http://127.0.0.1:5050/rest/api/2/issue/"  	[MsgId: MERR-26612]
Завершение стека сообщений auto log.	[MsgId: MMSG-10544]


Запуск стека сообщений auto log — итерация 29.	[MsgId: MMSG-10545]
Начало действия Upgrade.	[MsgId: MMSG-15919]
Upgrade.c(4): web_rest("Upgrade") запущен  	[MsgId: MMSG-26355]
Upgrade.c(4): Уведомить: ****************   web_add_header вызывается внутри из web_rest. Следующие сообщения из web_add_header   *****************
Upgrade.c(4): web_add_header("Content-Type") запущен  	[MsgId: MMSG-26355]
Upgrade.c(4): Предупреждение -26594: Добавленный заголовок может привести к непредсказуемым результатам при применении ко ВСЕМ URL-адресам, сгенерированным от имени следующей функции скрипта. Заголовок будет применим только к основному URL-адресу.  	[MsgId: MWAR-26594]
Upgrade.c(4): Наивысший уровень серьезности web_add_header("Content-Type") — "warning"  	[MsgId: MMSG-26391]
Upgrade.c(4): Уведомить: ****************   Конец сообщений из web_add_header   *****************
Upgrade.c(4): Ошибка -26612: Код статуса HTTP=500 (INTERNAL SERVER ERROR) для "http://127.0.0.1:5050/rest/api/2/issue/"  	[MsgId: MERR-26612]
Завершение стека сообщений auto log.	[MsgId: MMSG-10544]


Запуск стека сообщений auto log — итерация 30.	[MsgId: MMSG-10545]
Начало действия Upgrade.	[MsgId: MMSG-15919]
Upgrade.c(4): web_rest("Upgrade") запущен  	[MsgId: MMSG-26355]
Upgrade.c(4): Уведомить: ****************   web_add_header вызывается внутри из web_rest. Следующие сообщения из web_add_header   *****************
Upgrade.c(4): web_add_header("Content-Type") запущен  	[MsgId: MMSG-26355]
Upgrade.c(4): Предупреждение -26594: Добавленный заголовок может привести к непредсказуемым результатам при применении ко ВСЕМ URL-адресам, сгенерированным от имени следующей функции скрипта. Заголовок будет применим только к основному URL-адресу.  	[MsgId: MWAR-26594]
Upgrade.c(4): Наивысший уровень серьезности web_add_header("Content-Type") — "warning"  	[MsgId: MMSG-26391]
Upgrade.c(4): Уведомить: ****************   Конец сообщений из web_add_header   *****************
Upgrade.c(4): Ошибка -26612: Код статуса HTTP=500 (INTERNAL SERVER ERROR) для "http://127.0.0.1:5050/rest/api/2/issue/"  	[MsgId: MERR-26612]
Завершение стека сообщений auto log.	[MsgId: MMSG-10544]


Запуск стека сообщений auto log — итерация 30.	[MsgId: MMSG-10545]
Начало действия Upgrade.	[MsgId: MMSG-15919]
Upgrade.c(4): web_rest("Upgrade") запущен  	[MsgId: MMSG-26355]
Upgrade.c(4): Уведомить: ****************   web_add_header вызывается внутри из web_rest. Следующие сообщения из web_add_header   *****************
Upgrade.c(4): web_add_header("Content-Type") запущен  	[MsgId: MMSG-26355]
Upgrade.c(4): Предупреждение -26594: Добавленный заголовок может привести к непредсказуемым результатам при применении ко ВСЕМ URL-адресам, сгенерированным от имени следующей функции скрипта. Заголовок будет применим только к основному URL-адресу.  	[MsgId: MWAR-26594]
Upgrade.c(4): Наивысший уровень серьезности web_add_header("Content-Type") — "warning"  	[MsgId: MMSG-26391]
Upgrade.c(4): Уведомить: ****************   Конец сообщений из web_add_header   *****************
Upgrade.c(4): Ошибка -26612: Код статуса HTTP=500 (INTERNAL SERVER ERROR) для "http://127.0.0.1:5050/rest/api/2/issue/"  	[MsgId: MERR-26612]
Завершение стека сообщений auto log.	[MsgId: MMSG-10544]


Запуск стека сообщений auto log — итерация 30.	[MsgId: MMSG-10545]
Начало действия Upgrade.	[MsgId: MMSG-15919]
Upgrade.c(4): web_rest("Upgrade") запущен  	[MsgId: MMSG-26355]
Upgrade.c(4): Уведомить: ****************   web_add_header вызывается внутри из web_rest. Следующие сообщения из web_add_header   *****************
Upgrade.c(4): web_add_header("Content-Type") запущен  	[MsgId: MMSG-26355]
Upgrade.c(4): Предупреждение -26594: Добавленный заголовок может привести к непредсказуемым результатам при применении ко ВСЕМ URL-адресам, сгенерированным от имени следующей функции скрипта. Заголовок будет применим только к основному URL-адресу.  	[MsgId: MWAR-26594]
Upgrade.c(4): Наивысший уровень серьезности web_add_header("Content-Type") — "warning"  	[MsgId: MMSG-26391]
Upgrade.c(4): Уведомить: ****************   Конец сообщений из web_add_header   *****************
Upgrade.c(4): Ошибка -26612: Код статуса HTTP=500 (INTERNAL SERVER ERROR) для "http://127.0.0.1:5050/rest/api/2/issue/"  	[MsgId: MERR-26612]
Завершение стека сообщений auto log.	[MsgId: MMSG-10544]


Запуск стека сообщений auto log — итерация 30.	[MsgId: MMSG-10545]
Начало действия Upgrade.	[MsgId: MMSG-15919]
Upgrade.c(4): web_rest("Upgrade") запущен  	[MsgId: MMSG-26355]
Upgrade.c(4): Уведомить: ****************   web_add_header вызывается внутри из web_rest. Следующие сообщения из web_add_header   *****************
Upgrade.c(4): web_add_header("Content-Type") запущен  	[MsgId: MMSG-26355]
Upgrade.c(4): Предупреждение -26594: Добавленный заголовок может привести к непредсказуемым результатам при применении ко ВСЕМ URL-адресам, сгенерированным от имени следующей функции скрипта. Заголовок будет применим только к основному URL-адресу.  	[MsgId: MWAR-26594]
Upgrade.c(4): Наивысший уровень серьезности web_add_header("Content-Type") — "warning"  	[MsgId: MMSG-26391]
Upgrade.c(4): Уведомить: ****************   Конец сообщений из web_add_header   *****************
Upgrade.c(4): Ошибка -26612: Код статуса HTTP=500 (INTERNAL SERVER ERROR) для "http://127.0.0.1:5050/rest/api/2/issue/"  	[MsgId: MERR-26612]
Завершение стека сообщений auto log.	[MsgId: MMSG-10544]


